-------------------------------------------------------------------------------
Test set: Homepage elements
-------------------------------------------------------------------------------
Tests run: 1, Failures: 1, Errors: 0, Skipped: 0, Time elapsed: 5.223 s <<< FAILURE! - in Homepage elements
EMPTY_NAME(Homepage elements)  Time elapsed: 5.223 s  <<< FAILURE!
org.junit.ComparisonFailure: expected:<[New Chair and four new members appointed to TPR's Determinations Panel]> but was:<[Pension scam busting campaign hits over 100 pledges]>

